[2020-10-26 21:33:51] local.ERROR: syntax error, unexpected ')' {"exception":"[object] (ParseError(code: 0): syntax error, unexpected ')' at D:\\OpenServer\\domains\\laravel_R\\vendor\\laravel\\framework\\src\\Illuminate\\Bus\\BusServiceProvider.php:51)
[stacktrace]
#0 D:\\OpenServer\\domains\\laravel_R\\vendor\\composer\\ClassLoader.php(322): Composer\\Autoload\\includeFile('D:\\\\OpenServer\\\\d...')
#1 [internal function]: Composer\\Autoload\\ClassLoader->loadClass('Illuminate\\\\Bus\\\\...')
#2 D:\\OpenServer\\domains\\laravel_R\\vendor\\laravel\\framework\\src\\Illuminate\\Foundation\\Application.php(761): spl_autoload_call('Illuminate\\\\Bus\\\\...')
#3 D:\\OpenServer\\domains\\laravel_R\\vendor\\laravel\\framework\\src\\Illuminate\\Foundation\\Application.php(741): Illuminate\\Foundation\\Application->registerDeferredProvider('Illuminate\\\\Bus\\\\...', 'Illuminate\\\\Bus\\\\...')
#4 D:\\OpenServer\\domains\\laravel_R\\vendor\\laravel\\framework\\src\\Illuminate\\Foundation\\Application.php(717): Illuminate\\Foundation\\Application->loadDeferredProvider('Illuminate\\\\Bus\\\\...')
#5 D:\\OpenServer\\domains\\laravel_R\\vendor\\laravel\\framework\\src\\Illuminate\\Foundation\\Console\\Kernel.php(313): Illuminate\\Foundation\\Application->loadDeferredProviders()
#6 D:\\OpenServer\\domains\\laravel_R\\vendor\\laravel\\framework\\src\\Illuminate\\Foundation\\Console\\Kernel.php(127): Illuminate\\Foundation\\Console\\Kernel->bootstrap()
#7 D:\\OpenServer\\domains\\laravel_R\\artisan(37): Illuminate\\Foundation\\Console\\Kernel->handle(Object(Symfony\\Component\\Console\\Input\\ArgvInput), Object(Symfony\\Component\\Console\\Output\\ConsoleOutput))
#8 {main}
"} 
[2020-10-26 21:34:16] local.ERROR: syntax error, unexpected ')' {"exception":"[object] (ParseError(code: 0): syntax error, unexpected ')' at D:\\OpenServer\\domains\\laravel_R\\vendor\\laravel\\framework\\src\\Illuminate\\Bus\\BusServiceProvider.php:51)
[stacktrace]
#0 D:\\OpenServer\\domains\\laravel_R\\vendor\\composer\\ClassLoader.php(322): Composer\\Autoload\\includeFile('D:\\\\OpenServer\\\\d...')
#1 [internal function]: Composer\\Autoload\\ClassLoader->loadClass('Illuminate\\\\Bus\\\\...')
#2 D:\\OpenServer\\domains\\laravel_R\\vendor\\laravel\\framework\\src\\Illuminate\\Foundation\\Application.php(761): spl_autoload_call('Illuminate\\\\Bus\\\\...')
#3 D:\\OpenServer\\domains\\laravel_R\\vendor\\laravel\\framework\\src\\Illuminate\\Foundation\\Application.php(741): Illuminate\\Foundation\\Application->registerDeferredProvider('Illuminate\\\\Bus\\\\...', 'Illuminate\\\\Bus\\\\...')
#4 D:\\OpenServer\\domains\\laravel_R\\vendor\\laravel\\framework\\src\\Illuminate\\Foundation\\Application.php(717): Illuminate\\Foundation\\Application->loadDeferredProvider('Illuminate\\\\Bus\\\\...')
#5 D:\\OpenServer\\domains\\laravel_R\\vendor\\laravel\\framework\\src\\Illuminate\\Foundation\\Console\\Kernel.php(313): Illuminate\\Foundation\\Application->loadDeferredProviders()
#6 D:\\OpenServer\\domains\\laravel_R\\vendor\\laravel\\framework\\src\\Illuminate\\Foundation\\Console\\Kernel.php(127): Illuminate\\Foundation\\Console\\Kernel->bootstrap()
#7 D:\\OpenServer\\domains\\laravel_R\\artisan(37): Illuminate\\Foundation\\Console\\Kernel->handle(Object(Symfony\\Component\\Console\\Input\\ArgvInput), Object(Symfony\\Component\\Console\\Output\\ConsoleOutput))
#8 {main}
"} 
[2020-10-26 21:34:17] local.ERROR: syntax error, unexpected ')' {"exception":"[object] (ParseError(code: 0): syntax error, unexpected ')' at D:\\OpenServer\\domains\\laravel_R\\vendor\\laravel\\framework\\src\\Illuminate\\Bus\\BusServiceProvider.php:51)
[stacktrace]
#0 D:\\OpenServer\\domains\\laravel_R\\vendor\\composer\\ClassLoader.php(322): Composer\\Autoload\\includeFile('D:\\\\OpenServer\\\\d...')
#1 [internal function]: Composer\\Autoload\\ClassLoader->loadClass('Illuminate\\\\Bus\\\\...')
#2 D:\\OpenServer\\domains\\laravel_R\\vendor\\laravel\\framework\\src\\Illuminate\\Foundation\\Application.php(761): spl_autoload_call('Illuminate\\\\Bus\\\\...')
#3 D:\\OpenServer\\domains\\laravel_R\\vendor\\laravel\\framework\\src\\Illuminate\\Foundation\\Application.php(741): Illuminate\\Foundation\\Application->registerDeferredProvider('Illuminate\\\\Bus\\\\...', 'Illuminate\\\\Bus\\\\...')
#4 D:\\OpenServer\\domains\\laravel_R\\vendor\\laravel\\framework\\src\\Illuminate\\Foundation\\Application.php(717): Illuminate\\Foundation\\Application->loadDeferredProvider('Illuminate\\\\Bus\\\\...')
#5 D:\\OpenServer\\domains\\laravel_R\\vendor\\laravel\\framework\\src\\Illuminate\\Foundation\\Console\\Kernel.php(313): Illuminate\\Foundation\\Application->loadDeferredProviders()
#6 D:\\OpenServer\\domains\\laravel_R\\vendor\\laravel\\framework\\src\\Illuminate\\Foundation\\Console\\Kernel.php(127): Illuminate\\Foundation\\Console\\Kernel->bootstrap()
#7 D:\\OpenServer\\domains\\laravel_R\\artisan(37): Illuminate\\Foundation\\Console\\Kernel->handle(Object(Symfony\\Component\\Console\\Input\\ArgvInput), Object(Symfony\\Component\\Console\\Output\\ConsoleOutput))
#8 {main}
"} 
[2020-10-26 21:34:23] local.ERROR: syntax error, unexpected ')' {"exception":"[object] (ParseError(code: 0): syntax error, unexpected ')' at D:\\OpenServer\\domains\\laravel_R\\vendor\\laravel\\framework\\src\\Illuminate\\Bus\\BusServiceProvider.php:51)
[stacktrace]
#0 D:\\OpenServer\\domains\\laravel_R\\vendor\\composer\\ClassLoader.php(322): Composer\\Autoload\\includeFile('D:\\\\OpenServer\\\\d...')
#1 [internal function]: Composer\\Autoload\\ClassLoader->loadClass('Illuminate\\\\Bus\\\\...')
#2 D:\\OpenServer\\domains\\laravel_R\\vendor\\laravel\\framework\\src\\Illuminate\\Foundation\\Application.php(761): spl_autoload_call('Illuminate\\\\Bus\\\\...')
#3 D:\\OpenServer\\domains\\laravel_R\\vendor\\laravel\\framework\\src\\Illuminate\\Foundation\\Application.php(741): Illuminate\\Foundation\\Application->registerDeferredProvider('Illuminate\\\\Bus\\\\...', 'Illuminate\\\\Bus\\\\...')
#4 D:\\OpenServer\\domains\\laravel_R\\vendor\\laravel\\framework\\src\\Illuminate\\Foundation\\Application.php(717): Illuminate\\Foundation\\Application->loadDeferredProvider('Illuminate\\\\Bus\\\\...')
#5 D:\\OpenServer\\domains\\laravel_R\\vendor\\laravel\\framework\\src\\Illuminate\\Foundation\\Console\\Kernel.php(313): Illuminate\\Foundation\\Application->loadDeferredProviders()
#6 D:\\OpenServer\\domains\\laravel_R\\vendor\\laravel\\framework\\src\\Illuminate\\Foundation\\Console\\Kernel.php(127): Illuminate\\Foundation\\Console\\Kernel->bootstrap()
#7 D:\\OpenServer\\domains\\laravel_R\\artisan(37): Illuminate\\Foundation\\Console\\Kernel->handle(Object(Symfony\\Component\\Console\\Input\\ArgvInput), Object(Symfony\\Component\\Console\\Output\\ConsoleOutput))
#8 {main}
"} 
[2020-10-26 21:36:13] local.ERROR: There are no commands defined in the "ide-helper" namespace. {"exception":"[object] (Symfony\\Component\\Console\\Exception\\NamespaceNotFoundException(code: 0): There are no commands defined in the \"ide-helper\" namespace. at /home/vagrant/code/laravel_R/vendor/symfony/console/Application.php:581)
[stacktrace]
#0 /home/vagrant/code/laravel_R/vendor/symfony/console/Application.php(632): Symfony\\Component\\Console\\Application->findNamespace()
#1 /home/vagrant/code/laravel_R/vendor/symfony/console/Application.php(230): Symfony\\Component\\Console\\Application->find()
#2 /home/vagrant/code/laravel_R/vendor/symfony/console/Application.php(142): Symfony\\Component\\Console\\Application->doRun()
#3 /home/vagrant/code/laravel_R/vendor/laravel/framework/src/Illuminate/Console/Application.php(93): Symfony\\Component\\Console\\Application->run()
#4 /home/vagrant/code/laravel_R/vendor/laravel/framework/src/Illuminate/Foundation/Console/Kernel.php(129): Illuminate\\Console\\Application->run()
#5 /home/vagrant/code/laravel_R/artisan(37): Illuminate\\Foundation\\Console\\Kernel->handle()
#6 {main}
"} 
[2020-10-26 21:39:07] local.ERROR: There are no commands defined in the "ide-helper" namespace. {"exception":"[object] (Symfony\\Component\\Console\\Exception\\NamespaceNotFoundException(code: 0): There are no commands defined in the \"ide-helper\" namespace. at /home/vagrant/code/laravel_R/vendor/symfony/console/Application.php:581)
[stacktrace]
#0 /home/vagrant/code/laravel_R/vendor/symfony/console/Application.php(632): Symfony\\Component\\Console\\Application->findNamespace()
#1 /home/vagrant/code/laravel_R/vendor/symfony/console/Application.php(230): Symfony\\Component\\Console\\Application->find()
#2 /home/vagrant/code/laravel_R/vendor/symfony/console/Application.php(142): Symfony\\Component\\Console\\Application->doRun()
#3 /home/vagrant/code/laravel_R/vendor/laravel/framework/src/Illuminate/Console/Application.php(93): Symfony\\Component\\Console\\Application->run()
#4 /home/vagrant/code/laravel_R/vendor/laravel/framework/src/Illuminate/Foundation/Console/Kernel.php(129): Illuminate\\Console\\Application->run()
#5 /home/vagrant/code/laravel_R/artisan(37): Illuminate\\Foundation\\Console\\Kernel->handle()
#6 {main}
"} 
[2020-10-26 21:44:16] local.ERROR: syntax error, unexpected ')' {"exception":"[object] (ParseError(code: 0): syntax error, unexpected ')' at D:\\OpenServer\\domains\\laravel_R\\vendor\\laravel\\framework\\src\\Illuminate\\Bus\\BusServiceProvider.php:51)
[stacktrace]
#0 D:\\OpenServer\\domains\\laravel_R\\vendor\\composer\\ClassLoader.php(322): Composer\\Autoload\\includeFile('D:\\\\OpenServer\\\\d...')
#1 [internal function]: Composer\\Autoload\\ClassLoader->loadClass('Illuminate\\\\Bus\\\\...')
#2 D:\\OpenServer\\domains\\laravel_R\\vendor\\laravel\\framework\\src\\Illuminate\\Foundation\\Application.php(761): spl_autoload_call('Illuminate\\\\Bus\\\\...')
#3 D:\\OpenServer\\domains\\laravel_R\\vendor\\laravel\\framework\\src\\Illuminate\\Foundation\\Application.php(741): Illuminate\\Foundation\\Application->registerDeferredProvider('Illuminate\\\\Bus\\\\...', 'Illuminate\\\\Bus\\\\...')
#4 D:\\OpenServer\\domains\\laravel_R\\vendor\\laravel\\framework\\src\\Illuminate\\Foundation\\Application.php(717): Illuminate\\Foundation\\Application->loadDeferredProvider('Illuminate\\\\Bus\\\\...')
#5 D:\\OpenServer\\domains\\laravel_R\\vendor\\laravel\\framework\\src\\Illuminate\\Foundation\\Console\\Kernel.php(313): Illuminate\\Foundation\\Application->loadDeferredProviders()
#6 D:\\OpenServer\\domains\\laravel_R\\vendor\\laravel\\framework\\src\\Illuminate\\Foundation\\Console\\Kernel.php(127): Illuminate\\Foundation\\Console\\Kernel->bootstrap()
#7 D:\\OpenServer\\domains\\laravel_R\\artisan(37): Illuminate\\Foundation\\Console\\Kernel->handle(Object(Symfony\\Component\\Console\\Input\\ArgvInput), Object(Symfony\\Component\\Console\\Output\\ConsoleOutput))
#8 {main}
"} 
[2020-10-26 21:52:29] local.ERROR: syntax error, unexpected ')' {"exception":"[object] (ParseError(code: 0): syntax error, unexpected ')' at D:\\OpenServer\\domains\\laravel_R\\vendor\\laravel\\framework\\src\\Illuminate\\Bus\\BusServiceProvider.php:51)
[stacktrace]
#0 D:\\OpenServer\\domains\\laravel_R\\vendor\\composer\\ClassLoader.php(322): Composer\\Autoload\\includeFile('D:\\\\OpenServer\\\\d...')
#1 [internal function]: Composer\\Autoload\\ClassLoader->loadClass('Illuminate\\\\Bus\\\\...')
#2 D:\\OpenServer\\domains\\laravel_R\\vendor\\laravel\\framework\\src\\Illuminate\\Foundation\\Application.php(761): spl_autoload_call('Illuminate\\\\Bus\\\\...')
#3 D:\\OpenServer\\domains\\laravel_R\\vendor\\laravel\\framework\\src\\Illuminate\\Foundation\\Application.php(741): Illuminate\\Foundation\\Application->registerDeferredProvider('Illuminate\\\\Bus\\\\...', 'Illuminate\\\\Bus\\\\...')
#4 D:\\OpenServer\\domains\\laravel_R\\vendor\\laravel\\framework\\src\\Illuminate\\Foundation\\Application.php(717): Illuminate\\Foundation\\Application->loadDeferredProvider('Illuminate\\\\Bus\\\\...')
#5 D:\\OpenServer\\domains\\laravel_R\\vendor\\laravel\\framework\\src\\Illuminate\\Foundation\\Console\\Kernel.php(313): Illuminate\\Foundation\\Application->loadDeferredProviders()
#6 D:\\OpenServer\\domains\\laravel_R\\vendor\\laravel\\framework\\src\\Illuminate\\Foundation\\Console\\Kernel.php(127): Illuminate\\Foundation\\Console\\Kernel->bootstrap()
#7 D:\\OpenServer\\domains\\laravel_R\\artisan(37): Illuminate\\Foundation\\Console\\Kernel->handle(Object(Symfony\\Component\\Console\\Input\\ArgvInput), Object(Symfony\\Component\\Console\\Output\\ConsoleOutput))
#8 {main}
"} 
[2020-10-26 21:53:10] local.ERROR: syntax error, unexpected ')' {"exception":"[object] (ParseError(code: 0): syntax error, unexpected ')' at D:\\OpenServer\\domains\\laravel_R\\vendor\\laravel\\framework\\src\\Illuminate\\Bus\\BusServiceProvider.php:51)
[stacktrace]
#0 D:\\OpenServer\\domains\\laravel_R\\vendor\\composer\\ClassLoader.php(322): Composer\\Autoload\\includeFile('D:\\\\OpenServer\\\\d...')
#1 [internal function]: Composer\\Autoload\\ClassLoader->loadClass('Illuminate\\\\Bus\\\\...')
#2 D:\\OpenServer\\domains\\laravel_R\\vendor\\laravel\\framework\\src\\Illuminate\\Foundation\\Application.php(761): spl_autoload_call('Illuminate\\\\Bus\\\\...')
#3 D:\\OpenServer\\domains\\laravel_R\\vendor\\laravel\\framework\\src\\Illuminate\\Foundation\\Application.php(741): Illuminate\\Foundation\\Application->registerDeferredProvider('Illuminate\\\\Bus\\\\...', 'Illuminate\\\\Bus\\\\...')
#4 D:\\OpenServer\\domains\\laravel_R\\vendor\\laravel\\framework\\src\\Illuminate\\Foundation\\Application.php(717): Illuminate\\Foundation\\Application->loadDeferredProvider('Illuminate\\\\Bus\\\\...')
#5 D:\\OpenServer\\domains\\laravel_R\\vendor\\laravel\\framework\\src\\Illuminate\\Foundation\\Console\\Kernel.php(313): Illuminate\\Foundation\\Application->loadDeferredProviders()
#6 D:\\OpenServer\\domains\\laravel_R\\vendor\\laravel\\framework\\src\\Illuminate\\Foundation\\Console\\Kernel.php(127): Illuminate\\Foundation\\Console\\Kernel->bootstrap()
#7 D:\\OpenServer\\domains\\laravel_R\\artisan(37): Illuminate\\Foundation\\Console\\Kernel->handle(Object(Symfony\\Component\\Console\\Input\\ArgvInput), Object(Symfony\\Component\\Console\\Output\\ConsoleOutput))
#8 {main}
"} 
